{"/workspaces/GoogleAppScripts/apps-scripts/Golf_Algorithm_Library/weightSensitivity/weightSensitivity": {"path":"/workspaces/GoogleAppScripts/apps-scripts/Golf_Algorithm_Library/weightSensitivity/weightSensitivity","statementMap":{"0":{"start":{"line":16,"column":18},"end":{"line":16,"column":20}},"1":{"start":{"line":17,"column":29},"end":{"line":17,"column":36}},"2":{"start":{"line":18,"column":2},"end":{"line":27,"column":3}},"3":{"start":{"line":18,"column":15},"end":{"line":18,"column":18}},"4":{"start":{"line":20,"column":4},"end":{"line":26,"column":7}},"5":{"start":{"line":28,"column":2},"end":{"line":28,"column":17}},"6":{"start":{"line":38,"column":19},"end":{"line":38,"column":21}},"7":{"start":{"line":39,"column":2},"end":{"line":42,"column":3}},"8":{"start":{"line":40,"column":26},"end":{"line":40,"column":69}},"9":{"start":{"line":41,"column":4},"end":{"line":41,"column":50}},"10":{"start":{"line":43,"column":2},"end":{"line":43,"column":20}},"11":{"start":{"line":53,"column":18},"end":{"line":53,"column":20}},"12":{"start":{"line":54,"column":2},"end":{"line":57,"column":5}},"13":{"start":{"line":55,"column":4},"end":{"line":55,"column":51}},"14":{"start":{"line":55,"column":28},"end":{"line":55,"column":51}},"15":{"start":{"line":56,"column":4},"end":{"line":56,"column":35}},"16":{"start":{"line":58,"column":18},"end":{"line":58,"column":20}},"17":{"start":{"line":59,"column":2},"end":{"line":64,"column":3}},"18":{"start":{"line":60,"column":19},"end":{"line":60,"column":34}},"19":{"start":{"line":61,"column":4},"end":{"line":63,"column":6}},"20":{"start":{"line":65,"column":2},"end":{"line":65,"column":17}},"21":{"start":{"line":68,"column":0},"end":{"line":72,"column":2}}},"fnMap":{"0":{"name":"calculateMetricSensitivity","decl":{"start":{"line":15,"column":9},"end":{"line":15,"column":35}},"loc":{"start":{"line":15,"column":57},"end":{"line":29,"column":1}},"line":15},"1":{"name":"performWeightSensitivityAnalysis","decl":{"start":{"line":37,"column":9},"end":{"line":37,"column":41}},"loc":{"start":{"line":37,"column":60},"end":{"line":44,"column":1}},"line":37},"2":{"name":"analyzeWeightEffectiveness","decl":{"start":{"line":51,"column":9},"end":{"line":51,"column":35}},"loc":{"start":{"line":51,"column":48},"end":{"line":66,"column":1}},"line":51},"3":{"name":"(anonymous_3)","decl":{"start":{"line":54,"column":21},"end":{"line":54,"column":22}},"loc":{"start":{"line":54,"column":26},"end":{"line":57,"column":3}},"line":54}},"branchMap":{"0":{"loc":{"start":{"line":55,"column":4},"end":{"line":55,"column":51}},"type":"if","locations":[{"start":{"line":55,"column":4},"end":{"line":55,"column":51}},{"start":{},"end":{}}],"line":55}},"s":{"0":3,"1":3,"2":3,"3":3,"4":7,"5":3,"6":1,"7":1,"8":2,"9":2,"10":1,"11":1,"12":1,"13":4,"14":2,"15":4,"16":1,"17":1,"18":2,"19":2,"20":1,"21":1},"f":{"0":3,"1":1,"2":1,"3":4},"b":{"0":[2,2]},"inputSourceMap":null,"_coverageSchema":"1a1c01bbd47fc00a2c39e90264f33305004495a9","hash":"ae976528700aafb5878008ef8cb5f7e86ea8d007"}
}
