TN:
SF:apps-scripts/Golf_Algorithm_Library/weightSensitivity/weightSensitivity
FN:15,calculateMetricSensitivity
FN:37,performWeightSensitivityAnalysis
FN:51,analyzeWeightEffectiveness
FN:54,(anonymous_3)
FNF:4
FNH:4
FNDA:3,calculateMetricSensitivity
FNDA:1,performWeightSensitivityAnalysis
FNDA:1,analyzeWeightEffectiveness
FNDA:4,(anonymous_3)
DA:16,3
DA:17,3
DA:18,3
DA:20,7
DA:28,3
DA:38,1
DA:39,1
DA:40,2
DA:41,2
DA:43,1
DA:53,1
DA:54,1
DA:55,4
DA:56,4
DA:58,1
DA:59,1
DA:60,2
DA:61,2
DA:65,1
DA:68,1
LF:20
LH:20
BRDA:55,0,0,2
BRDA:55,0,1,2
BRF:2
BRH:2
end_of_record
